2020-02-01 06:32:37.523 INFO  (main) [   ] o.e.j.u.log Logging initialized @3619ms to org.eclipse.jetty.util.log.Slf4jLog
2020-02-01 06:32:38.104 WARN  (main) [   ] o.e.j.s.AbstractConnector Ignoring deprecated socket close linger time
2020-02-01 06:32:38.104 WARN  (main) [   ] o.e.j.x.XmlConfiguration Deprecated method public void org.eclipse.jetty.server.ServerConnector.setSoLingerTime(int) in file:///home/gateway/z2020/eshop/eshop/solr/server/etc/jetty-http.xml
2020-02-01 06:32:38.160 INFO  (main) [   ] o.e.j.s.Server jetty-9.4.19.v20190610; built: 2019-06-10T16:30:51.723Z; git: afcf563148970e98786327af5e07c261fda175d3; jvm 11.0.6+10-post-Ubuntu-1ubuntu118.04.1
2020-02-01 06:32:38.193 INFO  (main) [   ] o.e.j.d.p.ScanningAppProvider Deployment monitor [file:///home/gateway/z2020/eshop/eshop/solr/server/contexts/] at interval 0
2020-02-01 06:32:39.402 INFO  (main) [   ] o.e.j.w.StandardDescriptorProcessor NO JSP Support for /solr, did not find org.apache.jasper.servlet.JspServlet
2020-02-01 06:32:39.426 INFO  (main) [   ] o.e.j.s.session DefaultSessionIdManager workerName=node0
2020-02-01 06:32:39.426 INFO  (main) [   ] o.e.j.s.session No SessionScavenger set, using defaults
2020-02-01 06:32:39.450 INFO  (main) [   ] o.e.j.s.session node0 Scavenging every 600000ms
2020-02-01 06:32:39.734 INFO  (main) [   ] o.a.s.s.SolrDispatchFilter Using logger factory org.apache.logging.slf4j.Log4jLoggerFactory
2020-02-01 06:32:39.769 INFO  (main) [   ] o.a.s.s.SolrDispatchFilter  ___      _       Welcome to Apache Solr™ version 8.4.1
2020-02-01 06:32:39.769 INFO  (main) [   ] o.a.s.s.SolrDispatchFilter / __| ___| |_ _   Starting in standalone mode on port 8983
2020-02-01 06:32:39.770 INFO  (main) [   ] o.a.s.s.SolrDispatchFilter \__ \/ _ \ | '_|  Install dir: /home/gateway/z2020/eshop/eshop/solr
2020-02-01 06:32:39.770 INFO  (main) [   ] o.a.s.s.SolrDispatchFilter |___/\___/_|_|    Start time: 2020-02-01T06:32:39.770770Z
2020-02-01 06:32:39.972 INFO  (main) [   ] o.a.s.c.SolrResourceLoader Using system property solr.solr.home: /home/gateway/z2020/eshop/eshop/solr/server/solr
2020-02-01 06:32:40.037 INFO  (main) [   ] o.a.s.c.SolrXmlConfig Loading container configuration from /home/gateway/z2020/eshop/eshop/solr/server/solr/solr.xml
2020-02-01 06:32:40.371 INFO  (main) [   ] o.a.s.c.SolrXmlConfig MBean server found: com.sun.jmx.mbeanserver.JmxMBeanServer@55634720, but no JMX reporters were configured - adding default JMX reporter.
2020-02-01 06:32:41.968 INFO  (main) [   ] o.a.s.h.c.HttpShardHandlerFactory Host whitelist initialized: WhitelistHostChecker [whitelistHosts=null, whitelistHostCheckingEnabled=true]
2020-02-01 06:32:42.635 WARN  (main) [   ] o.e.j.u.s.S.config Trusting all certificates configured for Client@1f387978[provider=null,keyStore=null,trustStore=null]
2020-02-01 06:32:42.635 WARN  (main) [   ] o.e.j.u.s.S.config No Client EndPointIdentificationAlgorithm configured for Client@1f387978[provider=null,keyStore=null,trustStore=null]
2020-02-01 06:32:43.201 WARN  (main) [   ] o.e.j.u.s.S.config Trusting all certificates configured for Client@46cb98a3[provider=null,keyStore=null,trustStore=null]
2020-02-01 06:32:43.201 WARN  (main) [   ] o.e.j.u.s.S.config No Client EndPointIdentificationAlgorithm configured for Client@46cb98a3[provider=null,keyStore=null,trustStore=null]
2020-02-01 06:32:43.264 WARN  (main) [   ] o.a.s.c.CoreContainer Not all security plugins configured!  authentication=disabled authorization=disabled.  Solr is only as secure as you make it. Consider configuring authentication/authorization before exposing Solr to users internal or external.  See https://s.apache.org/solrsecurity for more info
2020-02-01 06:32:43.666 INFO  (main) [   ] o.a.s.c.TransientSolrCoreCacheDefault Allocating transient cache for 2147483647 transient cores
2020-02-01 06:32:43.668 INFO  (main) [   ] o.a.s.h.a.MetricsHistoryHandler No .system collection, keeping metrics history in memory.
2020-02-01 06:32:43.871 INFO  (main) [   ] o.a.s.m.r.SolrJmxReporter JMX monitoring for 'solr.node' (registry 'solr.node') enabled at server: com.sun.jmx.mbeanserver.JmxMBeanServer@55634720
2020-02-01 06:32:43.872 INFO  (main) [   ] o.a.s.m.r.SolrJmxReporter JMX monitoring for 'solr.jvm' (registry 'solr.jvm') enabled at server: com.sun.jmx.mbeanserver.JmxMBeanServer@55634720
2020-02-01 06:32:43.880 INFO  (main) [   ] o.a.s.m.r.SolrJmxReporter JMX monitoring for 'solr.jetty' (registry 'solr.jetty') enabled at server: com.sun.jmx.mbeanserver.JmxMBeanServer@55634720
2020-02-01 06:32:44.132 INFO  (main) [   ] o.a.s.c.CorePropertiesLocator Found 1 core definitions underneath /home/gateway/z2020/eshop/eshop/solr/server/solr
2020-02-01 06:32:44.132 INFO  (main) [   ] o.a.s.c.CorePropertiesLocator Cores are: [tester]
2020-02-01 06:32:44.227 INFO  (coreLoadExecutor-9-thread-1) [   x:tester] o.a.s.c.SolrConfig Using Lucene MatchVersion: 8.4.1
2020-02-01 06:32:44.498 INFO  (main) [   ] o.e.j.s.h.ContextHandler Started o.e.j.w.WebAppContext@696f0212{/solr,file:///home/gateway/z2020/eshop/eshop/solr/server/solr-webapp/webapp/,AVAILABLE}{/home/gateway/z2020/eshop/eshop/solr/server/solr-webapp/webapp}
2020-02-01 06:32:44.548 INFO  (main) [   ] o.e.j.s.AbstractConnector Started ServerConnector@21fd5faa{HTTP/1.1,[http/1.1, h2c]}{0.0.0.0:8983}
2020-02-01 06:32:44.548 INFO  (main) [   ] o.e.j.s.Server Started @10659ms
2020-02-01 06:32:44.781 INFO  (coreLoadExecutor-9-thread-1) [   x:tester] o.a.s.s.IndexSchema [tester] Schema name=default-config
2020-02-01 06:32:46.123 INFO  (coreLoadExecutor-9-thread-1) [   x:tester] o.a.s.s.IndexSchema Loaded schema default-config/1.6 with uniqueid field id
2020-02-01 06:32:46.171 INFO  (coreLoadExecutor-9-thread-1) [   x:tester] o.a.s.c.CoreContainer Creating SolrCore 'tester' using configuration from instancedir /home/gateway/z2020/eshop/eshop/solr/server/solr/tester, trusted=true
2020-02-01 06:32:46.228 INFO  (coreLoadExecutor-9-thread-1) [   x:tester] o.a.s.m.r.SolrJmxReporter JMX monitoring for 'solr.core.tester' (registry 'solr.core.tester') enabled at server: com.sun.jmx.mbeanserver.JmxMBeanServer@55634720
2020-02-01 06:32:46.265 INFO  (coreLoadExecutor-9-thread-1) [   x:tester] o.a.s.c.SolrCore [[tester] ] Opening new SolrCore at [/home/gateway/z2020/eshop/eshop/solr/server/solr/tester], dataDir=[/home/gateway/z2020/eshop/eshop/solr/server/solr/tester/data/]
2020-02-01 06:32:47.212 INFO  (coreLoadExecutor-9-thread-1) [   x:tester] o.a.s.u.UpdateHandler Using UpdateLog implementation: org.apache.solr.update.UpdateLog
2020-02-01 06:32:47.212 INFO  (coreLoadExecutor-9-thread-1) [   x:tester] o.a.s.u.UpdateLog Initializing UpdateLog: dataDir= defaultSyncLevel=FLUSH numRecordsToKeep=100 maxNumLogsToKeep=10 numVersionBuckets=65536
2020-02-01 06:32:47.308 INFO  (coreLoadExecutor-9-thread-1) [   x:tester] o.a.s.u.CommitTracker Hard AutoCommit: if uncommitted for 15000ms; 
2020-02-01 06:32:47.308 INFO  (coreLoadExecutor-9-thread-1) [   x:tester] o.a.s.u.CommitTracker Soft AutoCommit: disabled
2020-02-01 06:32:47.464 INFO  (coreLoadExecutor-9-thread-1) [   x:tester] o.a.s.s.SolrIndexSearcher Opening [Searcher@5a086268[tester] main]
2020-02-01 06:32:47.490 INFO  (coreLoadExecutor-9-thread-1) [   x:tester] o.a.s.r.ManagedResourceStorage File-based storage initialized to use dir: /home/gateway/z2020/eshop/eshop/solr/server/solr/tester/conf
2020-02-01 06:32:47.545 INFO  (coreLoadExecutor-9-thread-1) [   x:tester] o.a.s.h.c.SpellCheckComponent Initializing spell checkers
2020-02-01 06:32:47.561 INFO  (coreLoadExecutor-9-thread-1) [   x:tester] o.a.s.s.DirectSolrSpellChecker init: {name=default,field=_text_,classname=solr.DirectSolrSpellChecker,distanceMeasure=internal,accuracy=0.5,maxEdits=2,minPrefix=1,maxInspections=5,minQueryLength=4,maxQueryFrequency=0.01}
2020-02-01 06:32:47.574 INFO  (coreLoadExecutor-9-thread-1) [   x:tester] o.a.s.h.ReplicationHandler Commits will be reserved for 10000ms.
2020-02-01 06:32:47.602 INFO  (searcherExecutor-10-thread-1-processing-x:tester) [   x:tester] o.a.s.c.QuerySenderListener QuerySenderListener sending requests to Searcher@5a086268[tester] main{ExitableDirectoryReader(UninvertingDirectoryReader())}
2020-02-01 06:32:47.602 INFO  (searcherExecutor-10-thread-1-processing-x:tester) [   x:tester] o.a.s.c.QuerySenderListener QuerySenderListener done.
2020-02-01 06:32:47.603 INFO  (searcherExecutor-10-thread-1-processing-x:tester) [   x:tester] o.a.s.h.c.SpellCheckComponent Loading spell index for spellchecker: default
2020-02-01 06:32:47.616 INFO  (searcherExecutor-10-thread-1-processing-x:tester) [   x:tester] o.a.s.c.SolrCore [tester] Registered new searcher Searcher@5a086268[tester] main{ExitableDirectoryReader(UninvertingDirectoryReader())}
